./lib/libmy.a:1: MAJOR:C-O1
./lib/my/libmy.a:1: MAJOR:C-O1
./lib/my/my_compute_power_rec.o:1: MAJOR:C-O1
./lib/my/my_compute_square_root.o:1: MAJOR:C-O1
./lib/my/my_find_prime_sup.o:1: MAJOR:C-O1
./lib/my/my_getnbr.o:1: MAJOR:C-O1
./lib/my/my_is_prime.o:1: MAJOR:C-O1
./lib/my/my_isneg.o:1: MAJOR:C-O1
./lib/my/my_put_nbr.o:1: MAJOR:C-O1
./lib/my/my_putchar.o:1: MAJOR:C-O1
./lib/my/my_putstr.o:1: MAJOR:C-O1
./lib/my/my_revstr.o:1: MAJOR:C-O1
./lib/my/my_showmem.o:1: MAJOR:C-O1
./lib/my/my_showstr.o:1: MAJOR:C-O1
./lib/my/my_sort_int_array.o:1: MAJOR:C-O1
./lib/my/my_str_isalpha.o:1: MAJOR:C-O1
./lib/my/my_str_islower.o:1: MAJOR:C-O1
./lib/my/my_str_isnum.o:1: MAJOR:C-O1
./lib/my/my_str_isprintable.o:1: MAJOR:C-O1
./lib/my/my_str_isupper.o:1: MAJOR:C-O1
./lib/my/my_strcapitalize.o:1: MAJOR:C-O1
./lib/my/my_strcat.o:1: MAJOR:C-O1
./lib/my/my_strcmp.o:1: MAJOR:C-O1
./lib/my/my_strcpy.o:1: MAJOR:C-O1
./lib/my/my_strlen.o:1: MAJOR:C-O1
./lib/my/my_strlowcase.o:1: MAJOR:C-O1
./lib/my/my_strncat.o:1: MAJOR:C-O1
./lib/my/my_strncmp.o:1: MAJOR:C-O1
./lib/my/my_strupcase.o:1: MAJOR:C-O1
./lib/my/my_swap.o:1: MAJOR:C-O1
